2025-02-06 11:25:34.059 +01:00 [INF] Vérification et initialisation de la base de données (SQLite)...
2025-02-06 11:25:34.538 +01:00 [INF] Entity Framework Core 6.0.0 initialized 'SchoolContext' using provider 'Microsoft.EntityFrameworkCore.Sqlite:6.0.0' with options: None
2025-02-06 11:25:34.605 +01:00 [INF] Executed DbCommand (16ms) [Parameters=[], CommandType='"Text"', CommandTimeout='30']
SELECT COUNT(*) FROM "sqlite_master" WHERE "type" = 'table' AND "rootpage" IS NOT NULL;
2025-02-06 11:25:34.738 +01:00 [INF] Executed DbCommand (0ms) [Parameters=[], CommandType='"Text"', CommandTimeout='30']
SELECT EXISTS (
    SELECT 1
    FROM "Student" AS "s")
2025-02-06 11:25:34.782 +01:00 [INF] User profile is available. Using 'C:\Users\calca\AppData\Local\ASP.NET\DataProtection-Keys' as key repository and Windows DPAPI to encrypt keys at rest.
2025-02-06 11:25:34.899 +01:00 [INF] Now listening on: https://localhost:61538
2025-02-06 11:25:34.900 +01:00 [INF] Now listening on: http://localhost:61539
2025-02-06 11:25:34.934 +01:00 [INF] Application started. Press Ctrl+C to shut down.
2025-02-06 11:25:34.936 +01:00 [INF] Hosting environment: Development
2025-02-06 11:25:34.936 +01:00 [INF] Content root path: C:\Users\calca\Documents\school\C#Secu\04_AspNetCU60\cu60\
2025-02-06 11:25:35.409 +01:00 [INF] Request starting HTTP/2 GET https://localhost:61538/Students - -
2025-02-06 11:25:35.487 +01:00 [INF] Executing endpoint '/Students/Index'
2025-02-06 11:25:35.504 +01:00 [INF] Route matched with {page = "/Students/Index"}. Executing page /Students/Index
2025-02-06 11:25:35.515 +01:00 [INF] Executing handler method ContosoUniversity.Pages.Students.IndexModel.OnGetAsync - ModelState is "Valid"
2025-02-06 11:25:35.521 +01:00 [INF] Entity Framework Core 6.0.0 initialized 'SchoolContext' using provider 'Microsoft.EntityFrameworkCore.Sqlite:6.0.0' with options: None
2025-02-06 11:25:35.555 +01:00 [INF] Executed DbCommand (2ms) [Parameters=[], CommandType='"Text"', CommandTimeout='30']
SELECT "s"."ID", "s"."EnrollmentDate", "s"."FirstMidName", "s"."LastName"
FROM "Student" AS "s"
2025-02-06 11:25:35.598 +01:00 [INF] Executed handler method OnGetAsync, returned result .
2025-02-06 11:25:35.602 +01:00 [INF] Executing an implicit handler method - ModelState is "Valid"
2025-02-06 11:25:35.604 +01:00 [INF] Executed an implicit handler method, returned result Microsoft.AspNetCore.Mvc.RazorPages.PageResult.
2025-02-06 11:25:35.681 +01:00 [INF] Executed page /Students/Index in 172.5772ms
2025-02-06 11:25:35.683 +01:00 [INF] Executed endpoint '/Students/Index'
2025-02-06 11:25:35.685 +01:00 [INF] HTTP GET /Students responded 200 in 206.0358 ms
2025-02-06 11:25:35.692 +01:00 [INF] Request finished HTTP/2 GET https://localhost:61538/Students - - - 200 - text/html;+charset=utf-8 286.9690ms
2025-02-06 11:25:35.702 +01:00 [INF] Request starting HTTP/2 GET https://localhost:61538/ContosoUniversity.styles.css?v=xFlrplltSLFkYhNyRKY4toyCqufuQOFi0QoA2AFsjSE - -
2025-02-06 11:25:35.702 +01:00 [INF] Request starting HTTP/2 GET https://localhost:61538/_vs/browserLink - -
2025-02-06 11:25:35.702 +01:00 [INF] Request starting HTTP/2 GET https://localhost:61538/_framework/aspnetcore-browser-refresh.js - -
2025-02-06 11:25:35.706 +01:00 [INF] Request finished HTTP/2 GET https://localhost:61538/_framework/aspnetcore-browser-refresh.js - - - 200 13786 application/javascript;+charset=utf-8 3.7053ms
2025-02-06 11:25:35.706 +01:00 [INF] The file /ContosoUniversity.styles.css was not modified
2025-02-06 11:25:35.708 +01:00 [INF] HTTP GET /ContosoUniversity.styles.css responded 304 in 4.8099 ms
2025-02-06 11:25:35.709 +01:00 [INF] Request finished HTTP/2 GET https://localhost:61538/ContosoUniversity.styles.css?v=xFlrplltSLFkYhNyRKY4toyCqufuQOFi0QoA2AFsjSE - - - 304 - text/css 7.2038ms
2025-02-06 11:25:35.725 +01:00 [INF] Request finished HTTP/2 GET https://localhost:61538/_vs/browserLink - - - 200 - text/javascript;+charset=UTF-8 23.5967ms
2025-02-06 11:25:35.743 +01:00 [INF] Request starting HTTP/2 GET https://localhost:61538/favicon.ico - -
2025-02-06 11:25:35.746 +01:00 [INF] Sending file. Request path: '/favicon.ico'. Physical path: 'C:\Users\calca\Documents\school\C#Secu\04_AspNetCU60\cu60\wwwroot\favicon.ico'
2025-02-06 11:25:35.747 +01:00 [INF] HTTP GET /favicon.ico responded 200 in 2.8402 ms
2025-02-06 11:25:35.749 +01:00 [INF] Request finished HTTP/2 GET https://localhost:61538/favicon.ico - - - 0 5430 image/x-icon 5.4953ms
2025-02-06 11:25:50.588 +01:00 [INF] Request starting HTTP/2 GET https://localhost:61538/Students - -
2025-02-06 11:25:50.591 +01:00 [INF] Executing endpoint '/Students/Index'
2025-02-06 11:25:50.592 +01:00 [INF] Route matched with {page = "/Students/Index"}. Executing page /Students/Index
2025-02-06 11:25:50.594 +01:00 [INF] Executing handler method ContosoUniversity.Pages.Students.IndexModel.OnGetAsync - ModelState is "Valid"
2025-02-06 11:25:50.633 +01:00 [INF] Entity Framework Core 6.0.0 initialized 'SchoolContext' using provider 'Microsoft.EntityFrameworkCore.Sqlite:6.0.0' with options: None
2025-02-06 11:25:50.636 +01:00 [INF] Executed DbCommand (0ms) [Parameters=[], CommandType='"Text"', CommandTimeout='30']
SELECT "s"."ID", "s"."EnrollmentDate", "s"."FirstMidName", "s"."LastName"
FROM "Student" AS "s"
2025-02-06 11:25:50.638 +01:00 [INF] Executed handler method OnGetAsync, returned result .
2025-02-06 11:25:50.638 +01:00 [INF] Executing an implicit handler method - ModelState is "Valid"
2025-02-06 11:25:50.639 +01:00 [INF] Executed an implicit handler method, returned result Microsoft.AspNetCore.Mvc.RazorPages.PageResult.
2025-02-06 11:25:50.648 +01:00 [INF] Executed page /Students/Index in 54.6294ms
2025-02-06 11:25:50.649 +01:00 [INF] Executed endpoint '/Students/Index'
2025-02-06 11:25:50.649 +01:00 [INF] HTTP GET /Students responded 200 in 58.7163 ms
2025-02-06 11:25:50.651 +01:00 [INF] Request finished HTTP/2 GET https://localhost:61538/Students - - - 200 - text/html;+charset=utf-8 62.8934ms
2025-02-06 11:25:50.673 +01:00 [INF] Request starting HTTP/2 GET https://localhost:61538/_vs/browserLink - -
2025-02-06 11:25:50.677 +01:00 [INF] Request starting HTTP/2 GET https://localhost:61538/_framework/aspnetcore-browser-refresh.js - -
2025-02-06 11:25:50.677 +01:00 [INF] Request finished HTTP/2 GET https://localhost:61538/_framework/aspnetcore-browser-refresh.js - - - 200 13786 application/javascript;+charset=utf-8 0.9331ms
2025-02-06 11:25:50.680 +01:00 [INF] Request finished HTTP/2 GET https://localhost:61538/_vs/browserLink - - - 200 - text/javascript;+charset=UTF-8 6.9701ms
2025-02-06 11:25:50.704 +01:00 [INF] Request starting HTTP/2 GET https://localhost:61538/favicon.ico - -
2025-02-06 11:25:50.705 +01:00 [INF] Sending file. Request path: '/favicon.ico'. Physical path: 'C:\Users\calca\Documents\school\C#Secu\04_AspNetCU60\cu60\wwwroot\favicon.ico'
2025-02-06 11:25:50.706 +01:00 [INF] HTTP GET /favicon.ico responded 200 in 1.2420 ms
2025-02-06 11:25:50.708 +01:00 [INF] Request finished HTTP/2 GET https://localhost:61538/favicon.ico - - - 0 5430 image/x-icon 3.6134ms
2025-02-06 11:25:51.575 +01:00 [INF] Request starting HTTP/2 GET https://localhost:61538/Students - -
2025-02-06 11:25:51.577 +01:00 [INF] Executing endpoint '/Students/Index'
2025-02-06 11:25:51.578 +01:00 [INF] Route matched with {page = "/Students/Index"}. Executing page /Students/Index
2025-02-06 11:25:51.579 +01:00 [INF] Executing handler method ContosoUniversity.Pages.Students.IndexModel.OnGetAsync - ModelState is "Valid"
2025-02-06 11:25:51.581 +01:00 [INF] Entity Framework Core 6.0.0 initialized 'SchoolContext' using provider 'Microsoft.EntityFrameworkCore.Sqlite:6.0.0' with options: None
2025-02-06 11:25:51.582 +01:00 [INF] Executed DbCommand (0ms) [Parameters=[], CommandType='"Text"', CommandTimeout='30']
SELECT "s"."ID", "s"."EnrollmentDate", "s"."FirstMidName", "s"."LastName"
FROM "Student" AS "s"
2025-02-06 11:25:51.584 +01:00 [INF] Executed handler method OnGetAsync, returned result .
2025-02-06 11:25:51.585 +01:00 [INF] Executing an implicit handler method - ModelState is "Valid"
2025-02-06 11:25:51.586 +01:00 [INF] Executed an implicit handler method, returned result Microsoft.AspNetCore.Mvc.RazorPages.PageResult.
2025-02-06 11:25:51.591 +01:00 [INF] Executed page /Students/Index in 12.1887ms
2025-02-06 11:25:51.592 +01:00 [INF] Executed endpoint '/Students/Index'
2025-02-06 11:25:51.593 +01:00 [INF] HTTP GET /Students responded 200 in 15.4648 ms
2025-02-06 11:25:51.594 +01:00 [INF] Request finished HTTP/2 GET https://localhost:61538/Students - - - 200 - text/html;+charset=utf-8 18.4679ms
2025-02-06 11:25:51.621 +01:00 [INF] Request starting HTTP/2 GET https://localhost:61538/_vs/browserLink - -
2025-02-06 11:25:51.621 +01:00 [INF] Request starting HTTP/2 GET https://localhost:61538/_framework/aspnetcore-browser-refresh.js - -
2025-02-06 11:25:51.622 +01:00 [INF] Request finished HTTP/2 GET https://localhost:61538/_framework/aspnetcore-browser-refresh.js - - - 200 13786 application/javascript;+charset=utf-8 1.4390ms
2025-02-06 11:25:51.625 +01:00 [INF] Request finished HTTP/2 GET https://localhost:61538/_vs/browserLink - - - 200 - text/javascript;+charset=UTF-8 3.9268ms
2025-02-06 11:25:51.774 +01:00 [INF] Request starting HTTP/2 GET https://localhost:61538/Students - -
2025-02-06 11:25:51.776 +01:00 [INF] Executing endpoint '/Students/Index'
2025-02-06 11:25:51.777 +01:00 [INF] Route matched with {page = "/Students/Index"}. Executing page /Students/Index
2025-02-06 11:25:51.778 +01:00 [INF] Executing handler method ContosoUniversity.Pages.Students.IndexModel.OnGetAsync - ModelState is "Valid"
2025-02-06 11:25:51.779 +01:00 [INF] Entity Framework Core 6.0.0 initialized 'SchoolContext' using provider 'Microsoft.EntityFrameworkCore.Sqlite:6.0.0' with options: None
2025-02-06 11:25:51.781 +01:00 [INF] Executed DbCommand (0ms) [Parameters=[], CommandType='"Text"', CommandTimeout='30']
SELECT "s"."ID", "s"."EnrollmentDate", "s"."FirstMidName", "s"."LastName"
FROM "Student" AS "s"
2025-02-06 11:25:51.782 +01:00 [INF] Executed handler method OnGetAsync, returned result .
2025-02-06 11:25:51.783 +01:00 [INF] Executing an implicit handler method - ModelState is "Valid"
2025-02-06 11:25:51.783 +01:00 [INF] Executed an implicit handler method, returned result Microsoft.AspNetCore.Mvc.RazorPages.PageResult.
2025-02-06 11:25:51.788 +01:00 [INF] Executed page /Students/Index in 9.8877ms
2025-02-06 11:25:51.789 +01:00 [INF] Executed endpoint '/Students/Index'
2025-02-06 11:25:51.789 +01:00 [INF] HTTP GET /Students responded 200 in 13.2389 ms
2025-02-06 11:25:51.791 +01:00 [INF] Request finished HTTP/2 GET https://localhost:61538/Students - - - 200 - text/html;+charset=utf-8 16.4101ms
2025-02-06 11:25:51.813 +01:00 [INF] Request starting HTTP/2 GET https://localhost:61538/_vs/browserLink - -
2025-02-06 11:25:51.814 +01:00 [INF] Request starting HTTP/2 GET https://localhost:61538/_framework/aspnetcore-browser-refresh.js - -
2025-02-06 11:25:51.815 +01:00 [INF] Request finished HTTP/2 GET https://localhost:61538/_framework/aspnetcore-browser-refresh.js - - - 200 13786 application/javascript;+charset=utf-8 1.1052ms
2025-02-06 11:25:51.818 +01:00 [INF] Request finished HTTP/2 GET https://localhost:61538/_vs/browserLink - - - 200 - text/javascript;+charset=UTF-8 4.3161ms
2025-02-06 11:25:52.394 +01:00 [INF] Request starting HTTP/2 GET https://localhost:61538/ - -
2025-02-06 11:25:52.396 +01:00 [INF] Executing endpoint '/Index'
2025-02-06 11:25:52.400 +01:00 [INF] Route matched with {page = "/Index"}. Executing page /Index
2025-02-06 11:25:52.401 +01:00 [INF] Executing handler method ContosoUniversity.Pages.IndexModel.OnGet - ModelState is "Valid"
2025-02-06 11:25:52.402 +01:00 [INF] Executed handler method OnGet, returned result .
2025-02-06 11:25:52.403 +01:00 [INF] Executing an implicit handler method - ModelState is "Valid"
2025-02-06 11:25:52.404 +01:00 [INF] Executed an implicit handler method, returned result Microsoft.AspNetCore.Mvc.RazorPages.PageResult.
2025-02-06 11:25:52.406 +01:00 [INF] Executed page /Index in 5.3666ms
2025-02-06 11:25:52.407 +01:00 [INF] Executed endpoint '/Index'
2025-02-06 11:25:52.408 +01:00 [INF] HTTP GET / responded 200 in 11.6664 ms
2025-02-06 11:25:52.409 +01:00 [INF] Request finished HTTP/2 GET https://localhost:61538/ - - - 200 - text/html;+charset=utf-8 15.1211ms
2025-02-06 11:25:52.438 +01:00 [INF] Request starting HTTP/2 GET https://localhost:61538/_vs/browserLink - -
2025-02-06 11:25:52.438 +01:00 [INF] Request starting HTTP/2 GET https://localhost:61538/_framework/aspnetcore-browser-refresh.js - -
2025-02-06 11:25:52.439 +01:00 [INF] Request finished HTTP/2 GET https://localhost:61538/_framework/aspnetcore-browser-refresh.js - - - 200 13786 application/javascript;+charset=utf-8 0.7857ms
2025-02-06 11:25:52.440 +01:00 [INF] Request finished HTTP/2 GET https://localhost:61538/_vs/browserLink - - - 200 - text/javascript;+charset=UTF-8 2.7285ms
2025-02-06 11:27:20.374 +01:00 [INF] Request starting HTTP/2 GET https://localhost:61538/ - -
2025-02-06 11:27:20.377 +01:00 [INF] Executing endpoint '/Index'
2025-02-06 11:27:20.378 +01:00 [INF] Route matched with {page = "/Index"}. Executing page /Index
2025-02-06 11:27:20.379 +01:00 [INF] Executing handler method ContosoUniversity.Pages.IndexModel.OnGet - ModelState is "Valid"
2025-02-06 11:27:20.379 +01:00 [INF] Executed handler method OnGet, returned result .
2025-02-06 11:27:20.380 +01:00 [INF] Executing an implicit handler method - ModelState is "Valid"
2025-02-06 11:27:20.380 +01:00 [INF] Executed an implicit handler method, returned result Microsoft.AspNetCore.Mvc.RazorPages.PageResult.
2025-02-06 11:27:20.382 +01:00 [INF] Executed page /Index in 3.0434ms
2025-02-06 11:27:20.382 +01:00 [INF] Executed endpoint '/Index'
2025-02-06 11:27:20.383 +01:00 [INF] HTTP GET / responded 200 in 5.6449 ms
2025-02-06 11:27:20.384 +01:00 [INF] Request finished HTTP/2 GET https://localhost:61538/ - - - 200 - text/html;+charset=utf-8 10.0270ms
2025-02-06 11:27:20.410 +01:00 [INF] Request starting HTTP/2 GET https://localhost:61538/_vs/browserLink - -
2025-02-06 11:27:20.411 +01:00 [INF] Request starting HTTP/2 GET https://localhost:61538/_framework/aspnetcore-browser-refresh.js - -
2025-02-06 11:27:20.412 +01:00 [INF] Request finished HTTP/2 GET https://localhost:61538/_framework/aspnetcore-browser-refresh.js - - - 200 13786 application/javascript;+charset=utf-8 0.7564ms
2025-02-06 11:27:20.418 +01:00 [INF] Request finished HTTP/2 GET https://localhost:61538/_vs/browserLink - - - 200 - text/javascript;+charset=UTF-8 7.7110ms
2025-02-06 11:27:20.424 +01:00 [INF] Request starting HTTP/2 GET https://localhost:61538/favicon.ico - -
2025-02-06 11:27:20.425 +01:00 [INF] Sending file. Request path: '/favicon.ico'. Physical path: 'C:\Users\calca\Documents\school\C#Secu\04_AspNetCU60\cu60\wwwroot\favicon.ico'
2025-02-06 11:27:20.426 +01:00 [INF] HTTP GET /favicon.ico responded 200 in 1.0972 ms
2025-02-06 11:27:20.427 +01:00 [INF] Request finished HTTP/2 GET https://localhost:61538/favicon.ico - - - 0 5430 image/x-icon 3.0114ms
2025-02-06 11:27:21.820 +01:00 [INF] Request starting HTTP/2 GET https://localhost:61538/ - -
2025-02-06 11:27:21.822 +01:00 [INF] Executing endpoint '/Index'
2025-02-06 11:27:21.823 +01:00 [INF] Route matched with {page = "/Index"}. Executing page /Index
2025-02-06 11:27:21.824 +01:00 [INF] Executing handler method ContosoUniversity.Pages.IndexModel.OnGet - ModelState is "Valid"
2025-02-06 11:27:21.825 +01:00 [INF] Executed handler method OnGet, returned result .
2025-02-06 11:27:21.825 +01:00 [INF] Executing an implicit handler method - ModelState is "Valid"
2025-02-06 11:27:21.826 +01:00 [INF] Executed an implicit handler method, returned result Microsoft.AspNetCore.Mvc.RazorPages.PageResult.
2025-02-06 11:27:21.827 +01:00 [INF] Executed page /Index in 3.4281ms
2025-02-06 11:27:21.828 +01:00 [INF] Executed endpoint '/Index'
2025-02-06 11:27:21.829 +01:00 [INF] HTTP GET / responded 200 in 6.4955 ms
2025-02-06 11:27:21.830 +01:00 [INF] Request finished HTTP/2 GET https://localhost:61538/ - - - 200 - text/html;+charset=utf-8 9.5141ms
2025-02-06 11:27:21.857 +01:00 [INF] Request starting HTTP/2 GET https://localhost:61538/_vs/browserLink - -
2025-02-06 11:27:21.857 +01:00 [INF] Request starting HTTP/2 GET https://localhost:61538/_framework/aspnetcore-browser-refresh.js - -
2025-02-06 11:27:21.858 +01:00 [INF] Request finished HTTP/2 GET https://localhost:61538/_framework/aspnetcore-browser-refresh.js - - - 200 13786 application/javascript;+charset=utf-8 1.1295ms
2025-02-06 11:27:21.864 +01:00 [INF] Request finished HTTP/2 GET https://localhost:61538/_vs/browserLink - - - 200 - text/javascript;+charset=UTF-8 6.9293ms
2025-02-06 11:27:21.874 +01:00 [INF] Request starting HTTP/2 GET https://localhost:61538/favicon.ico - -
2025-02-06 11:27:21.876 +01:00 [INF] Sending file. Request path: '/favicon.ico'. Physical path: 'C:\Users\calca\Documents\school\C#Secu\04_AspNetCU60\cu60\wwwroot\favicon.ico'
2025-02-06 11:27:21.877 +01:00 [INF] HTTP GET /favicon.ico responded 200 in 1.6823 ms
2025-02-06 11:27:21.879 +01:00 [INF] Request finished HTTP/2 GET https://localhost:61538/favicon.ico - - - 0 5430 image/x-icon 4.9907ms
2025-02-06 11:27:22.287 +01:00 [INF] Request starting HTTP/2 GET https://localhost:61538/Students - -
2025-02-06 11:27:22.289 +01:00 [INF] Executing endpoint '/Students/Index'
2025-02-06 11:27:22.290 +01:00 [INF] Route matched with {page = "/Students/Index"}. Executing page /Students/Index
2025-02-06 11:27:22.291 +01:00 [INF] Executing handler method ContosoUniversity.Pages.Students.IndexModel.OnGetAsync - ModelState is "Valid"
2025-02-06 11:27:22.292 +01:00 [INF] Entity Framework Core 6.0.0 initialized 'SchoolContext' using provider 'Microsoft.EntityFrameworkCore.Sqlite:6.0.0' with options: None
2025-02-06 11:27:22.294 +01:00 [INF] Executed DbCommand (0ms) [Parameters=[], CommandType='"Text"', CommandTimeout='30']
SELECT "s"."ID", "s"."EnrollmentDate", "s"."FirstMidName", "s"."LastName"
FROM "Student" AS "s"
2025-02-06 11:27:22.296 +01:00 [INF] Executed handler method OnGetAsync, returned result .
2025-02-06 11:27:22.297 +01:00 [INF] Executing an implicit handler method - ModelState is "Valid"
2025-02-06 11:27:22.298 +01:00 [INF] Executed an implicit handler method, returned result Microsoft.AspNetCore.Mvc.RazorPages.PageResult.
2025-02-06 11:27:22.302 +01:00 [INF] Executed page /Students/Index in 11.5877ms
2025-02-06 11:27:22.303 +01:00 [INF] Executed endpoint '/Students/Index'
2025-02-06 11:27:22.304 +01:00 [INF] HTTP GET /Students responded 200 in 15.1084 ms
2025-02-06 11:27:22.305 +01:00 [INF] Request finished HTTP/2 GET https://localhost:61538/Students - - - 200 - text/html;+charset=utf-8 18.3515ms
2025-02-06 11:27:22.334 +01:00 [INF] Request starting HTTP/2 GET https://localhost:61538/_vs/browserLink - -
2025-02-06 11:27:22.335 +01:00 [INF] Request starting HTTP/2 GET https://localhost:61538/_framework/aspnetcore-browser-refresh.js - -
2025-02-06 11:27:22.336 +01:00 [INF] Request finished HTTP/2 GET https://localhost:61538/_framework/aspnetcore-browser-refresh.js - - - 200 13786 application/javascript;+charset=utf-8 0.9433ms
2025-02-06 11:27:22.337 +01:00 [INF] Request finished HTTP/2 GET https://localhost:61538/_vs/browserLink - - - 200 - text/javascript;+charset=UTF-8 3.7729ms
2025-02-06 11:27:37.640 +01:00 [INF] Request starting HTTP/2 GET https://localhost:61538/Students/Edit?id=1 - -
2025-02-06 11:27:37.642 +01:00 [INF] Executing endpoint '/Students/Edit'
2025-02-06 11:27:37.662 +01:00 [INF] Route matched with {page = "/Students/Edit"}. Executing page /Students/Edit
2025-02-06 11:27:37.673 +01:00 [INF] Executing handler method ContosoUniversity.Pages.Students.EditModel.OnGetAsync - ModelState is "Valid"
2025-02-06 11:27:37.677 +01:00 [INF] Entity Framework Core 6.0.0 initialized 'SchoolContext' using provider 'Microsoft.EntityFrameworkCore.Sqlite:6.0.0' with options: None
2025-02-06 11:27:37.711 +01:00 [INF] Executed DbCommand (2ms) [Parameters=[@__id_0='?' (DbType = Int32)], CommandType='"Text"', CommandTimeout='30']
SELECT "s"."ID", "s"."EnrollmentDate", "s"."FirstMidName", "s"."LastName"
FROM "Student" AS "s"
WHERE "s"."ID" = @__id_0
LIMIT 1
2025-02-06 11:27:37.714 +01:00 [INF] Executed handler method OnGetAsync, returned result Microsoft.AspNetCore.Mvc.RazorPages.PageResult.
2025-02-06 11:27:37.758 +01:00 [INF] Executed page /Students/Edit in 95.3609ms
2025-02-06 11:27:37.760 +01:00 [INF] Executed endpoint '/Students/Edit'
2025-02-06 11:27:37.761 +01:00 [INF] HTTP GET /Students/Edit responded 200 in 119.2326 ms
2025-02-06 11:27:37.763 +01:00 [INF] Request finished HTTP/2 GET https://localhost:61538/Students/Edit?id=1 - - - 200 - text/html;+charset=utf-8 122.8024ms
2025-02-06 11:27:37.792 +01:00 [INF] Request starting HTTP/2 GET https://localhost:61538/lib/jquery-validation/dist/jquery.validate.js - -
2025-02-06 11:27:37.792 +01:00 [INF] Request starting HTTP/2 GET https://localhost:61538/lib/jquery-validation-unobtrusive/jquery.validate.unobtrusive.js - -
2025-02-06 11:27:37.793 +01:00 [INF] Request starting HTTP/2 GET https://localhost:61538/_vs/browserLink - -
2025-02-06 11:27:37.796 +01:00 [INF] Request starting HTTP/2 GET https://localhost:61538/_framework/aspnetcore-browser-refresh.js - -
2025-02-06 11:27:37.797 +01:00 [INF] Request finished HTTP/2 GET https://localhost:61538/_framework/aspnetcore-browser-refresh.js - - - 200 13786 application/javascript;+charset=utf-8 1.0029ms
2025-02-06 11:27:37.797 +01:00 [INF] Request finished HTTP/2 GET https://localhost:61538/_vs/browserLink - - - 200 - text/javascript;+charset=UTF-8 4.2025ms
2025-02-06 11:27:37.828 +01:00 [INF] Sending file. Request path: '/lib/jquery-validation/dist/jquery.validate.js'. Physical path: 'C:\Users\calca\Documents\school\C#Secu\04_AspNetCU60\cu60\wwwroot\lib\jquery-validation\dist\jquery.validate.js'
2025-02-06 11:27:37.828 +01:00 [INF] Sending file. Request path: '/lib/jquery-validation-unobtrusive/jquery.validate.unobtrusive.js'. Physical path: 'C:\Users\calca\Documents\school\C#Secu\04_AspNetCU60\cu60\wwwroot\lib\jquery-validation-unobtrusive\jquery.validate.unobtrusive.js'
2025-02-06 11:27:37.831 +01:00 [INF] HTTP GET /lib/jquery-validation/dist/jquery.validate.js responded 200 in 37.5396 ms
2025-02-06 11:27:37.831 +01:00 [INF] HTTP GET /lib/jquery-validation-unobtrusive/jquery.validate.unobtrusive.js responded 200 in 37.7222 ms
2025-02-06 11:27:37.833 +01:00 [INF] Request finished HTTP/2 GET https://localhost:61538/lib/jquery-validation/dist/jquery.validate.js - - - 200 48676 application/javascript 40.5147ms
2025-02-06 11:27:37.834 +01:00 [INF] Request finished HTTP/2 GET https://localhost:61538/lib/jquery-validation-unobtrusive/jquery.validate.unobtrusive.js - - - 200 19366 application/javascript 41.2267ms
2025-02-06 11:27:37.839 +01:00 [INF] Request starting HTTP/2 GET https://localhost:61538/favicon.ico - -
2025-02-06 11:27:37.839 +01:00 [INF] Sending file. Request path: '/favicon.ico'. Physical path: 'C:\Users\calca\Documents\school\C#Secu\04_AspNetCU60\cu60\wwwroot\favicon.ico'
2025-02-06 11:27:37.840 +01:00 [INF] HTTP GET /favicon.ico responded 200 in 1.1968 ms
2025-02-06 11:27:37.842 +01:00 [INF] Request finished HTTP/2 GET https://localhost:61538/favicon.ico - - - 0 5430 image/x-icon 3.0530ms
2025-02-06 11:29:32.903 +01:00 [INF] Request starting HTTP/2 GET https://localhost:61538/Students - -
2025-02-06 11:29:32.908 +01:00 [INF] Executing endpoint '/Students/Index'
2025-02-06 11:29:32.909 +01:00 [INF] Route matched with {page = "/Students/Index"}. Executing page /Students/Index
2025-02-06 11:29:32.909 +01:00 [INF] Executing handler method ContosoUniversity.Pages.Students.IndexModel.OnGetAsync - ModelState is "Valid"
2025-02-06 11:29:32.911 +01:00 [INF] Entity Framework Core 6.0.0 initialized 'SchoolContext' using provider 'Microsoft.EntityFrameworkCore.Sqlite:6.0.0' with options: None
2025-02-06 11:29:32.913 +01:00 [INF] Executed DbCommand (0ms) [Parameters=[], CommandType='"Text"', CommandTimeout='30']
SELECT "s"."ID", "s"."EnrollmentDate", "s"."FirstMidName", "s"."LastName"
FROM "Student" AS "s"
2025-02-06 11:29:32.914 +01:00 [INF] Executed handler method OnGetAsync, returned result .
2025-02-06 11:29:32.915 +01:00 [INF] Executing an implicit handler method - ModelState is "Valid"
2025-02-06 11:29:32.915 +01:00 [INF] Executed an implicit handler method, returned result Microsoft.AspNetCore.Mvc.RazorPages.PageResult.
2025-02-06 11:29:32.921 +01:00 [INF] Executed page /Students/Index in 12.1817ms
2025-02-06 11:29:32.922 +01:00 [INF] Executed endpoint '/Students/Index'
2025-02-06 11:29:32.923 +01:00 [INF] HTTP GET /Students responded 200 in 15.2721 ms
2025-02-06 11:29:32.924 +01:00 [INF] Request finished HTTP/2 GET https://localhost:61538/Students - - - 200 - text/html;+charset=utf-8 21.8290ms
2025-02-06 11:29:32.958 +01:00 [INF] Request starting HTTP/2 GET https://localhost:61538/_vs/browserLink - -
2025-02-06 11:29:32.958 +01:00 [INF] Request starting HTTP/2 GET https://localhost:61538/_framework/aspnetcore-browser-refresh.js - -
2025-02-06 11:29:32.959 +01:00 [INF] Request finished HTTP/2 GET https://localhost:61538/_framework/aspnetcore-browser-refresh.js - - - 200 13786 application/javascript;+charset=utf-8 1.2658ms
2025-02-06 11:29:32.962 +01:00 [INF] Request finished HTTP/2 GET https://localhost:61538/_vs/browserLink - - - 200 - text/javascript;+charset=UTF-8 3.8791ms
2025-02-06 11:29:32.978 +01:00 [INF] Request starting HTTP/2 GET https://localhost:61538/favicon.ico - -
2025-02-06 11:29:32.980 +01:00 [INF] Sending file. Request path: '/favicon.ico'. Physical path: 'C:\Users\calca\Documents\school\C#Secu\04_AspNetCU60\cu60\wwwroot\favicon.ico'
2025-02-06 11:29:32.981 +01:00 [INF] HTTP GET /favicon.ico responded 200 in 1.7825 ms
2025-02-06 11:29:32.983 +01:00 [INF] Request finished HTTP/2 GET https://localhost:61538/favicon.ico - - - 0 5430 image/x-icon 4.7947ms
2025-02-06 11:29:34.402 +01:00 [INF] Request starting HTTP/2 GET https://localhost:61538/Students/Details?id=1 - -
2025-02-06 11:29:34.404 +01:00 [INF] Executing endpoint '/Students/Details'
2025-02-06 11:29:34.407 +01:00 [INF] Route matched with {page = "/Students/Details"}. Executing page /Students/Details
2025-02-06 11:29:34.409 +01:00 [INF] Executing handler method ContosoUniversity.Pages.Students.DetailsModel.OnGetAsync - ModelState is "Valid"
2025-02-06 11:29:34.410 +01:00 [INF] Entity Framework Core 6.0.0 initialized 'SchoolContext' using provider 'Microsoft.EntityFrameworkCore.Sqlite:6.0.0' with options: None
2025-02-06 11:29:34.413 +01:00 [INF] Executed DbCommand (0ms) [Parameters=[@__id_0='?' (DbType = Int32)], CommandType='"Text"', CommandTimeout='30']
SELECT "s"."ID", "s"."EnrollmentDate", "s"."FirstMidName", "s"."LastName"
FROM "Student" AS "s"
WHERE "s"."ID" = @__id_0
LIMIT 1
2025-02-06 11:29:34.415 +01:00 [INF] Executed handler method OnGetAsync, returned result Microsoft.AspNetCore.Mvc.RazorPages.PageResult.
2025-02-06 11:29:34.421 +01:00 [INF] Executed page /Students/Details in 13.065ms
2025-02-06 11:29:34.422 +01:00 [INF] Executed endpoint '/Students/Details'
2025-02-06 11:29:34.423 +01:00 [INF] HTTP GET /Students/Details responded 200 in 19.1045 ms
2025-02-06 11:29:34.424 +01:00 [INF] Request finished HTTP/2 GET https://localhost:61538/Students/Details?id=1 - - - 200 - text/html;+charset=utf-8 22.3616ms
2025-02-06 11:29:34.450 +01:00 [INF] Request starting HTTP/2 GET https://localhost:61538/_vs/browserLink - -
2025-02-06 11:29:34.450 +01:00 [INF] Request starting HTTP/2 GET https://localhost:61538/_framework/aspnetcore-browser-refresh.js - -
2025-02-06 11:29:34.452 +01:00 [INF] Request finished HTTP/2 GET https://localhost:61538/_framework/aspnetcore-browser-refresh.js - - - 200 13786 application/javascript;+charset=utf-8 1.3292ms
2025-02-06 11:29:34.454 +01:00 [INF] Request finished HTTP/2 GET https://localhost:61538/_vs/browserLink - - - 200 - text/javascript;+charset=UTF-8 3.2663ms
2025-02-06 11:29:34.469 +01:00 [INF] Request starting HTTP/2 GET https://localhost:61538/favicon.ico - -
2025-02-06 11:29:34.470 +01:00 [INF] Sending file. Request path: '/favicon.ico'. Physical path: 'C:\Users\calca\Documents\school\C#Secu\04_AspNetCU60\cu60\wwwroot\favicon.ico'
2025-02-06 11:29:34.471 +01:00 [INF] HTTP GET /favicon.ico responded 200 in 1.0423 ms
2025-02-06 11:29:34.472 +01:00 [INF] Request finished HTTP/2 GET https://localhost:61538/favicon.ico - - - 0 5430 image/x-icon 2.8444ms
2025-02-06 11:30:19.122 +01:00 [INF] Request starting HTTP/2 GET https://localhost:61538/_framework/aspnetcore-browser-refresh.js - -
2025-02-06 11:30:19.123 +01:00 [INF] Request finished HTTP/2 GET https://localhost:61538/_framework/aspnetcore-browser-refresh.js - - - 200 13786 application/javascript;+charset=utf-8 1.3280ms
2025-02-06 11:39:04.914 +01:00 [INF] Request starting HTTP/2 GET https://localhost:61538/Students/Create - -
2025-02-06 11:39:04.917 +01:00 [INF] Executing endpoint '/Students/Create'
2025-02-06 11:39:04.920 +01:00 [INF] Route matched with {page = "/Students/Create"}. Executing page /Students/Create
2025-02-06 11:39:04.922 +01:00 [INF] Executing handler method ContosoUniversity.Pages.Students.CreateModel.OnGet - ModelState is "Valid"
2025-02-06 11:39:04.923 +01:00 [INF] Executed handler method OnGet, returned result Microsoft.AspNetCore.Mvc.RazorPages.PageResult.
2025-02-06 11:39:04.937 +01:00 [INF] Executed page /Students/Create in 15.4053ms
2025-02-06 11:39:04.938 +01:00 [INF] Executed endpoint '/Students/Create'
2025-02-06 11:39:04.939 +01:00 [INF] HTTP GET /Students/Create responded 200 in 21.7653 ms
2025-02-06 11:39:04.941 +01:00 [INF] Request finished HTTP/2 GET https://localhost:61538/Students/Create - - - 200 - text/html;+charset=utf-8 27.4998ms
2025-02-06 11:39:04.972 +01:00 [INF] Request starting HTTP/2 GET https://localhost:61538/ContosoUniversity.styles.css?v=xFlrplltSLFkYhNyRKY4toyCqufuQOFi0QoA2AFsjSE - -
2025-02-06 11:39:04.973 +01:00 [INF] The file /ContosoUniversity.styles.css was not modified
2025-02-06 11:39:04.974 +01:00 [INF] HTTP GET /ContosoUniversity.styles.css responded 304 in 1.1245 ms
2025-02-06 11:39:04.976 +01:00 [INF] Request finished HTTP/2 GET https://localhost:61538/ContosoUniversity.styles.css?v=xFlrplltSLFkYhNyRKY4toyCqufuQOFi0QoA2AFsjSE - - - 304 - text/css 3.7388ms
2025-02-06 11:39:04.976 +01:00 [INF] Request starting HTTP/2 GET https://localhost:61538/_vs/browserLink - -
2025-02-06 11:39:04.976 +01:00 [INF] Request starting HTTP/2 GET https://localhost:61538/_framework/aspnetcore-browser-refresh.js - -
2025-02-06 11:39:04.978 +01:00 [INF] Request finished HTTP/2 GET https://localhost:61538/_framework/aspnetcore-browser-refresh.js - - - 200 13786 application/javascript;+charset=utf-8 1.3839ms
2025-02-06 11:39:04.980 +01:00 [INF] Request finished HTTP/2 GET https://localhost:61538/_vs/browserLink - - - 200 - text/javascript;+charset=UTF-8 3.3140ms
2025-02-06 11:39:04.997 +01:00 [INF] Request starting HTTP/2 GET https://localhost:61538/favicon.ico - -
2025-02-06 11:39:04.999 +01:00 [INF] Sending file. Request path: '/favicon.ico'. Physical path: 'C:\Users\calca\Documents\school\C#Secu\04_AspNetCU60\cu60\wwwroot\favicon.ico'
2025-02-06 11:39:05.001 +01:00 [INF] HTTP GET /favicon.ico responded 200 in 2.2884 ms
2025-02-06 11:39:05.002 +01:00 [INF] Request finished HTTP/2 GET https://localhost:61538/favicon.ico - - - 0 5430 image/x-icon 4.8789ms
2025-02-06 11:39:24.732 +01:00 [INF] Request starting HTTP/2 POST https://localhost:61538/Students/Create application/x-www-form-urlencoded 281
2025-02-06 11:39:24.734 +01:00 [INF] Executing endpoint '/Students/Create'
2025-02-06 11:39:24.735 +01:00 [INF] Route matched with {page = "/Students/Create"}. Executing page /Students/Create
2025-02-06 11:39:24.749 +01:00 [INF] Executing handler method ContosoUniversity.Pages.Students.CreateModel.OnPostAsync - ModelState is "Valid"
2025-02-06 11:39:24.751 +01:00 [INF] Entity Framework Core 6.0.0 initialized 'SchoolContext' using provider 'Microsoft.EntityFrameworkCore.Sqlite:6.0.0' with options: None
2025-02-06 11:39:24.835 +01:00 [INF] Executed DbCommand (3ms) [Parameters=[@p0='?' (DbType = DateTime), @p1='?' (Size = 4), @p2='?' (Size = 4)], CommandType='"Text"', CommandTimeout='30']
INSERT INTO "Student" ("EnrollmentDate", "FirstMidName", "LastName")
VALUES (@p0, @p1, @p2);
SELECT "ID"
FROM "Student"
WHERE changes() = 1 AND "rowid" = last_insert_rowid();
2025-02-06 11:39:24.867 +01:00 [INF] Executed handler method OnPostAsync, returned result Microsoft.AspNetCore.Mvc.RedirectToPageResult.
2025-02-06 11:39:24.868 +01:00 [INF] Executing RedirectToPageResult, redirecting to ./Index.
2025-02-06 11:39:24.869 +01:00 [INF] Executed page /Students/Create in 132.7922ms
2025-02-06 11:39:24.870 +01:00 [INF] Executed endpoint '/Students/Create'
2025-02-06 11:39:24.871 +01:00 [INF] HTTP POST /Students/Create responded 302 in 136.4932 ms
2025-02-06 11:39:24.873 +01:00 [INF] Request finished HTTP/2 POST https://localhost:61538/Students/Create application/x-www-form-urlencoded 281 - 302 0 - 140.4305ms
2025-02-06 11:39:24.877 +01:00 [INF] Request starting HTTP/2 GET https://localhost:61538/Students - -
2025-02-06 11:39:24.879 +01:00 [INF] Executing endpoint '/Students/Index'
2025-02-06 11:39:24.879 +01:00 [INF] Route matched with {page = "/Students/Index"}. Executing page /Students/Index
2025-02-06 11:39:24.880 +01:00 [INF] Executing handler method ContosoUniversity.Pages.Students.IndexModel.OnGetAsync - ModelState is "Valid"
2025-02-06 11:39:24.881 +01:00 [INF] Entity Framework Core 6.0.0 initialized 'SchoolContext' using provider 'Microsoft.EntityFrameworkCore.Sqlite:6.0.0' with options: None
2025-02-06 11:39:24.884 +01:00 [INF] Executed DbCommand (0ms) [Parameters=[], CommandType='"Text"', CommandTimeout='30']
SELECT "s"."ID", "s"."EnrollmentDate", "s"."FirstMidName", "s"."LastName"
FROM "Student" AS "s"
2025-02-06 11:39:24.885 +01:00 [INF] Executed handler method OnGetAsync, returned result .
2025-02-06 11:39:24.886 +01:00 [INF] Executing an implicit handler method - ModelState is "Valid"
2025-02-06 11:39:24.887 +01:00 [INF] Executed an implicit handler method, returned result Microsoft.AspNetCore.Mvc.RazorPages.PageResult.
2025-02-06 11:39:24.892 +01:00 [INF] Executed page /Students/Index in 11.9731ms
2025-02-06 11:39:24.893 +01:00 [INF] Executed endpoint '/Students/Index'
2025-02-06 11:39:24.894 +01:00 [INF] HTTP GET /Students responded 200 in 14.9299 ms
2025-02-06 11:39:24.895 +01:00 [INF] Request finished HTTP/2 GET https://localhost:61538/Students - - - 200 - text/html;+charset=utf-8 18.0405ms
2025-02-06 11:39:24.921 +01:00 [INF] Request starting HTTP/2 GET https://localhost:61538/_vs/browserLink - -
2025-02-06 11:39:24.922 +01:00 [INF] Request starting HTTP/2 GET https://localhost:61538/_framework/aspnetcore-browser-refresh.js - -
2025-02-06 11:39:24.923 +01:00 [INF] Request finished HTTP/2 GET https://localhost:61538/_framework/aspnetcore-browser-refresh.js - - - 200 13786 application/javascript;+charset=utf-8 0.7565ms
2025-02-06 11:39:24.925 +01:00 [INF] Request finished HTTP/2 GET https://localhost:61538/_vs/browserLink - - - 200 - text/javascript;+charset=UTF-8 3.4390ms
2025-02-06 11:39:24.940 +01:00 [INF] Request starting HTTP/2 GET https://localhost:61538/favicon.ico - -
2025-02-06 11:39:24.941 +01:00 [INF] Sending file. Request path: '/favicon.ico'. Physical path: 'C:\Users\calca\Documents\school\C#Secu\04_AspNetCU60\cu60\wwwroot\favicon.ico'
2025-02-06 11:39:24.941 +01:00 [INF] HTTP GET /favicon.ico responded 200 in 1.1507 ms
2025-02-06 11:39:24.943 +01:00 [INF] Request finished HTTP/2 GET https://localhost:61538/favicon.ico - - - 0 5430 image/x-icon 3.3870ms
2025-02-06 11:48:32.504 +01:00 [INF] Request starting HTTP/2 GET https://localhost:61538/Students/Details?id=1 - -
2025-02-06 11:48:32.508 +01:00 [INF] Executing endpoint '/Students/Details'
2025-02-06 11:48:32.509 +01:00 [INF] Route matched with {page = "/Students/Details"}. Executing page /Students/Details
2025-02-06 11:48:32.510 +01:00 [INF] Executing handler method ContosoUniversity.Pages.Students.DetailsModel.OnGetAsync - ModelState is "Valid"
2025-02-06 11:48:32.513 +01:00 [INF] Entity Framework Core 6.0.0 initialized 'SchoolContext' using provider 'Microsoft.EntityFrameworkCore.Sqlite:6.0.0' with options: None
2025-02-06 11:48:32.517 +01:00 [INF] Executed DbCommand (1ms) [Parameters=[@__id_0='?' (DbType = Int32)], CommandType='"Text"', CommandTimeout='30']
SELECT "s"."ID", "s"."EnrollmentDate", "s"."FirstMidName", "s"."LastName"
FROM "Student" AS "s"
WHERE "s"."ID" = @__id_0
LIMIT 1
2025-02-06 11:48:32.518 +01:00 [INF] Executed handler method OnGetAsync, returned result Microsoft.AspNetCore.Mvc.RazorPages.PageResult.
2025-02-06 11:48:32.520 +01:00 [INF] Executed page /Students/Details in 10.8287ms
2025-02-06 11:48:32.521 +01:00 [INF] Executed endpoint '/Students/Details'
2025-02-06 11:48:32.521 +01:00 [INF] HTTP GET /Students/Details responded 200 in 13.6549 ms
2025-02-06 11:48:32.522 +01:00 [INF] Request finished HTTP/2 GET https://localhost:61538/Students/Details?id=1 - - - 200 - text/html;+charset=utf-8 18.8527ms
2025-02-06 11:48:32.557 +01:00 [INF] Request starting HTTP/2 GET https://localhost:61538/ContosoUniversity.styles.css?v=xFlrplltSLFkYhNyRKY4toyCqufuQOFi0QoA2AFsjSE - -
2025-02-06 11:48:32.557 +01:00 [INF] Request starting HTTP/2 GET https://localhost:61538/_framework/aspnetcore-browser-refresh.js - -
2025-02-06 11:48:32.558 +01:00 [INF] Sending file. Request path: '/ContosoUniversity.styles.css'. Physical path: 'C:\Users\calca\Documents\school\C#Secu\04_AspNetCU60\cu60\obj\Debug\net6.0\scopedcss\bundle\ContosoUniversity.styles.css'
2025-02-06 11:48:32.559 +01:00 [INF] Request finished HTTP/2 GET https://localhost:61538/_framework/aspnetcore-browser-refresh.js - - - 200 13786 application/javascript;+charset=utf-8 1.4199ms
2025-02-06 11:48:32.560 +01:00 [INF] HTTP GET /ContosoUniversity.styles.css responded 200 in 2.2319 ms
2025-02-06 11:48:32.561 +01:00 [INF] Request starting HTTP/2 GET https://localhost:61538/_vs/browserLink - -
2025-02-06 11:48:32.561 +01:00 [INF] Request finished HTTP/2 GET https://localhost:61538/ContosoUniversity.styles.css?v=xFlrplltSLFkYhNyRKY4toyCqufuQOFi0QoA2AFsjSE - - - 200 1134 text/css 4.4900ms
2025-02-06 11:48:32.564 +01:00 [INF] Request finished HTTP/2 GET https://localhost:61538/_vs/browserLink - - - 200 - text/javascript;+charset=UTF-8 3.1911ms
2025-02-06 11:48:32.578 +01:00 [INF] Request starting HTTP/2 GET https://localhost:61538/favicon.ico - -
2025-02-06 11:48:32.579 +01:00 [INF] Sending file. Request path: '/favicon.ico'. Physical path: 'C:\Users\calca\Documents\school\C#Secu\04_AspNetCU60\cu60\wwwroot\favicon.ico'
2025-02-06 11:48:32.580 +01:00 [INF] HTTP GET /favicon.ico responded 200 in 1.3353 ms
2025-02-06 11:48:32.581 +01:00 [INF] Request finished HTTP/2 GET https://localhost:61538/favicon.ico - - - 0 5430 image/x-icon 3.0106ms
2025-02-06 11:53:49.254 +01:00 [INF] Request starting HTTP/2 GET https://localhost:61538/Students - -
2025-02-06 11:53:49.258 +01:00 [INF] Executing endpoint '/Students/Index'
2025-02-06 11:53:49.259 +01:00 [INF] Route matched with {page = "/Students/Index"}. Executing page /Students/Index
2025-02-06 11:53:49.260 +01:00 [INF] Executing handler method ContosoUniversity.Pages.Students.IndexModel.OnGetAsync - ModelState is "Valid"
2025-02-06 11:53:49.261 +01:00 [INF] Entity Framework Core 6.0.0 initialized 'SchoolContext' using provider 'Microsoft.EntityFrameworkCore.Sqlite:6.0.0' with options: None
2025-02-06 11:53:49.263 +01:00 [INF] Executed DbCommand (0ms) [Parameters=[], CommandType='"Text"', CommandTimeout='30']
SELECT "s"."ID", "s"."EnrollmentDate", "s"."FirstMidName", "s"."LastName"
FROM "Student" AS "s"
2025-02-06 11:53:49.264 +01:00 [INF] Executed handler method OnGetAsync, returned result .
2025-02-06 11:53:49.265 +01:00 [INF] Executing an implicit handler method - ModelState is "Valid"
2025-02-06 11:53:49.265 +01:00 [INF] Executed an implicit handler method, returned result Microsoft.AspNetCore.Mvc.RazorPages.PageResult.
2025-02-06 11:53:49.270 +01:00 [INF] Executed page /Students/Index in 10.7623ms
2025-02-06 11:53:49.271 +01:00 [INF] Executed endpoint '/Students/Index'
2025-02-06 11:53:49.272 +01:00 [INF] HTTP GET /Students responded 200 in 13.5484 ms
2025-02-06 11:53:49.273 +01:00 [INF] Request finished HTTP/2 GET https://localhost:61538/Students - - - 200 - text/html;+charset=utf-8 18.2656ms
2025-02-06 11:53:49.313 +01:00 [INF] Request starting HTTP/2 GET https://localhost:61538/_framework/aspnetcore-browser-refresh.js - -
2025-02-06 11:53:49.313 +01:00 [INF] Request finished HTTP/2 GET https://localhost:61538/_framework/aspnetcore-browser-refresh.js - - - 200 13786 application/javascript;+charset=utf-8 0.7709ms
2025-02-06 11:53:49.314 +01:00 [INF] Request starting HTTP/2 GET https://localhost:61538/js/site.js?v=BxFAw9RUJ1E4NycpKEjCNDeoSvr4RPHixdBq5wDnkeY - -
2025-02-06 11:53:49.314 +01:00 [INF] Request starting HTTP/2 GET https://localhost:61538/_vs/browserLink - -
2025-02-06 11:53:49.315 +01:00 [INF] Sending file. Request path: '/js/site.js'. Physical path: 'C:\Users\calca\Documents\school\C#Secu\04_AspNetCU60\cu60\wwwroot\js\site.js'
2025-02-06 11:53:49.316 +01:00 [INF] HTTP GET /js/site.js responded 200 in 1.5526 ms
2025-02-06 11:53:49.318 +01:00 [INF] Request finished HTTP/2 GET https://localhost:61538/js/site.js?v=BxFAw9RUJ1E4NycpKEjCNDeoSvr4RPHixdBq5wDnkeY - - - 0 226 application/javascript 3.9378ms
2025-02-06 11:53:49.319 +01:00 [INF] Request finished HTTP/2 GET https://localhost:61538/_vs/browserLink - - - 200 - text/javascript;+charset=UTF-8 4.4058ms
2025-02-06 11:53:49.334 +01:00 [INF] Request starting HTTP/2 GET https://localhost:61538/favicon.ico - -
2025-02-06 11:53:49.335 +01:00 [INF] Sending file. Request path: '/favicon.ico'. Physical path: 'C:\Users\calca\Documents\school\C#Secu\04_AspNetCU60\cu60\wwwroot\favicon.ico'
2025-02-06 11:53:49.336 +01:00 [INF] HTTP GET /favicon.ico responded 200 in 1.5463 ms
2025-02-06 11:53:49.338 +01:00 [INF] Request finished HTTP/2 GET https://localhost:61538/favicon.ico - - - 0 5430 image/x-icon 3.8841ms
2025-02-06 12:01:46.662 +01:00 [INF] Request starting HTTP/2 GET https://localhost:61538/Students - -
2025-02-06 12:01:46.667 +01:00 [INF] Executing endpoint '/Students/Index'
2025-02-06 12:01:46.668 +01:00 [INF] Route matched with {page = "/Students/Index"}. Executing page /Students/Index
2025-02-06 12:01:46.669 +01:00 [INF] Executing handler method ContosoUniversity.Pages.Students.IndexModel.OnGetAsync - ModelState is "Valid"
2025-02-06 12:01:46.670 +01:00 [INF] Entity Framework Core 6.0.0 initialized 'SchoolContext' using provider 'Microsoft.EntityFrameworkCore.Sqlite:6.0.0' with options: None
2025-02-06 12:01:46.674 +01:00 [INF] Executed DbCommand (2ms) [Parameters=[], CommandType='"Text"', CommandTimeout='30']
SELECT "s"."ID", "s"."EnrollmentDate", "s"."FirstMidName", "s"."LastName"
FROM "Student" AS "s"
2025-02-06 12:01:46.676 +01:00 [INF] Executed handler method OnGetAsync, returned result .
2025-02-06 12:01:46.677 +01:00 [INF] Executing an implicit handler method - ModelState is "Valid"
2025-02-06 12:01:46.677 +01:00 [INF] Executed an implicit handler method, returned result Microsoft.AspNetCore.Mvc.RazorPages.PageResult.
2025-02-06 12:01:46.682 +01:00 [INF] Executed page /Students/Index in 13.0758ms
2025-02-06 12:01:46.683 +01:00 [INF] Executed endpoint '/Students/Index'
2025-02-06 12:01:46.683 +01:00 [INF] HTTP GET /Students responded 200 in 16.6922 ms
2025-02-06 12:01:46.684 +01:00 [INF] Request finished HTTP/2 GET https://localhost:61538/Students - - - 200 - text/html;+charset=utf-8 22.5370ms
2025-02-06 12:01:46.712 +01:00 [INF] Request starting HTTP/2 GET https://localhost:61538/ContosoUniversity.styles.css?v=xFlrplltSLFkYhNyRKY4toyCqufuQOFi0QoA2AFsjSE - -
2025-02-06 12:01:46.713 +01:00 [INF] The file /ContosoUniversity.styles.css was not modified
2025-02-06 12:01:46.714 +01:00 [INF] HTTP GET /ContosoUniversity.styles.css responded 304 in 1.3626 ms
2025-02-06 12:01:46.715 +01:00 [INF] Request finished HTTP/2 GET https://localhost:61538/ContosoUniversity.styles.css?v=xFlrplltSLFkYhNyRKY4toyCqufuQOFi0QoA2AFsjSE - - - 304 - text/css 3.1258ms
2025-02-06 12:01:46.716 +01:00 [INF] Request starting HTTP/2 GET https://localhost:61538/_framework/aspnetcore-browser-refresh.js - -
2025-02-06 12:01:46.717 +01:00 [INF] Request finished HTTP/2 GET https://localhost:61538/_framework/aspnetcore-browser-refresh.js - - - 200 13786 application/javascript;+charset=utf-8 0.6197ms
2025-02-06 12:01:46.718 +01:00 [INF] Request starting HTTP/2 GET https://localhost:61538/_vs/browserLink - -
2025-02-06 12:01:46.722 +01:00 [INF] Request finished HTTP/2 GET https://localhost:61538/_vs/browserLink - - - 200 - text/javascript;+charset=UTF-8 3.4372ms
2025-02-06 12:01:46.736 +01:00 [INF] Request starting HTTP/2 GET https://localhost:61538/favicon.ico - -
2025-02-06 12:01:46.737 +01:00 [INF] Sending file. Request path: '/favicon.ico'. Physical path: 'C:\Users\calca\Documents\school\C#Secu\04_AspNetCU60\cu60\wwwroot\favicon.ico'
2025-02-06 12:01:46.738 +01:00 [INF] HTTP GET /favicon.ico responded 200 in 1.1892 ms
2025-02-06 12:01:46.740 +01:00 [INF] Request finished HTTP/2 GET https://localhost:61538/favicon.ico - - - 0 5430 image/x-icon 3.6671ms
